<?xml version="1.0" encoding="UTF-8"?>
<!-- Generated by org.testng.reporters.JUnitXMLReporter -->
<testsuite ignored="0" hostname="LAPTOP-EMB9ANO0" failures="1" tests="8" name="Car Loan" time="0.124" errors="0" timestamp="2023-02-02T10:50:06 IST">
  <testcase classname="mytest.Test3" name="LoginApIcarLoan" time="0.014"/>
  <testcase classname="mytest.Test3" name="MobileLogincarLoan" time="0.006"/>
  <testcase classname="mytest.Test3" name="MobileLogincarLoan" time="0.003"/>
  <testcase classname="mytest.Test3" name="MobileLogincarLoan" time="0.009"/>
  <testcase classname="mytest.Test3" name="Weblogincarloan" time="0.0">
    <failure type="org.testng.TestNGException" message="
Parameter &amp;apos;URL&amp;apos; is required by @Test on method Weblogincarloan but has not been marked @Optional or defined
in C:\Users\parik\eclipse-workspace\ParuApplication\testng.xml">
      <![CDATA[org.testng.TestNGException: 
Parameter 'URL' is required by @Test on method Weblogincarloan but has not been marked @Optional or defined
in C:\Users\parik\eclipse-workspace\ParuApplication\testng.xml
at java.base/java.util.ArrayList.forEach(ArrayList.java:1511)
at java.base/java.util.concurrent.FutureTask.run(FutureTask.java:317)
at java.base/java.util.concurrent.ThreadPoolExecutor.runWorker(ThreadPoolExecutor.java:1144)
at java.base/java.util.concurrent.ThreadPoolExecutor$Worker.run(ThreadPoolExecutor.java:642)
at java.base/java.lang.Thread.run(Thread.java:1589)
... Removed 17 stack frames]]>
    </failure>
  </testcase> <!-- Weblogincarloan -->
  <testcase classname="mytest.Test4" name="LoginApIHomeLoan" time="0.003"/>
  <testcase classname="mytest.Test4" name="MobileLoginHomeLoan" time="0.002"/>
  <testcase classname="mytest.Test4" name="WebloginHomeloan" time="0.002"/>
</testsuite> <!-- Car Loan -->
