<?xml version="1.0" encoding="UTF-8"?>
<!-- Generated by org.testng.reporters.JUnitReportReporter -->
<testsuite hostname="LAPTOP-EMB9ANO0" failures="0" tests="5" name="mytest.Test3" time="0.034" errors="1" timestamp="2023-02-02T10:50:06 IST" skipped="0">
  <testcase classname="mytest.Test3" name="LoginApIcarLoan" time="0.014"/>
  <system-out/>
  <testcase classname="mytest.Test3" name="MobileLogincarLoan" time="0.004"/>
  <system-out/>
  <testcase classname="mytest.Test3" name="MobileLogincarLoan" time="0.009"/>
  <system-out/>
  <testcase classname="mytest.Test3" name="MobileLogincarLoan" time="0.007"/>
  <system-out/>
  <testcase classname="mytest.Test3" name="Weblogincarloan" time="0.000">
    <error message="
Parameter &#039;URL&#039; is required by @Test on method Weblogincarloan but has not been marked @Optional or defined
in C:\Users\parik\eclipse-workspace\ParuApplication\testng.xml" type="org.testng.TestNGException">
      <![CDATA[org.testng.TestNGException: 
Parameter 'URL' is required by @Test on method Weblogincarloan but has not been marked @Optional or defined
in C:\Users\parik\eclipse-workspace\ParuApplication\testng.xml
at org.testng.internal.Parameters.createParams(Parameters.java:270)
at org.testng.internal.Parameters.createParametersForMethod(Parameters.java:358)
at org.testng.internal.Parameters.createParameters(Parameters.java:700)
at org.testng.internal.Parameters.handleParameters(Parameters.java:884)
at org.testng.internal.Parameters.handleParameters(Parameters.java:740)
at org.testng.internal.ParameterHandler.handleParameters(ParameterHandler.java:59)
at org.testng.internal.ParameterHandler.createParameters(ParameterHandler.java:38)
at org.testng.internal.TestInvoker$MethodInvocationAgent.invoke(TestInvoker.java:791)
at org.testng.internal.TestInvoker.invokeTestMethods(TestInvoker.java:146)
at org.testng.internal.TestMethodWorker.invokeTestMethods(TestMethodWorker.java:146)
at org.testng.internal.TestMethodWorker.run(TestMethodWorker.java:128)
at java.base/java.util.ArrayList.forEach(ArrayList.java:1511)
at org.testng.TestRunner.privateRun(TestRunner.java:794)
at org.testng.TestRunner.run(TestRunner.java:596)
at org.testng.SuiteRunner.runTest(SuiteRunner.java:377)
at org.testng.SuiteRunner.access$000(SuiteRunner.java:28)
at org.testng.SuiteRunner$SuiteWorker.run(SuiteRunner.java:418)
at org.testng.internal.thread.ThreadUtil.lambda$execute$0(ThreadUtil.java:64)
at java.base/java.util.concurrent.FutureTask.run(FutureTask.java:317)
at java.base/java.util.concurrent.ThreadPoolExecutor.runWorker(ThreadPoolExecutor.java:1144)
at java.base/java.util.concurrent.ThreadPoolExecutor$Worker.run(ThreadPoolExecutor.java:642)
at java.base/java.lang.Thread.run(Thread.java:1589)
]]>
    </error>
  </testcase> <!-- Weblogincarloan -->
  <system-out/>
</testsuite> <!-- mytest.Test3 -->
